module.load-balancer-role.data.aws_caller_identity.current: Reading...
data.aws_eks_cluster_auth.cluster: Reading...
module.load-balancer-role.data.aws_partition.current: Reading...
data.aws_ecr_repository.qweb: Reading...
module.load-balancer-role.data.aws_region.current: Reading...
data.aws_eks_cluster_auth.cluster: Read complete after 0s [id=qcase]
data.aws_caller_identity.current: Reading...
module.load-balancer-role.data.aws_partition.current: Read complete after 0s [id=aws]
data.aws_eks_cluster.cluster: Reading...
data.aws_region.current: Reading...
data.aws_ecr_image.qweb: Reading...
module.load-balancer-role.data.aws_region.current: Read complete after 0s [id=eu-central-1]
data.aws_region.current: Read complete after 0s [id=eu-central-1]
module.load-balancer-role.data.aws_iam_policy_document.load_balancer_controller[0]: Reading...
module.load-balancer-role.data.aws_iam_policy_document.load_balancer_controller[0]: Read complete after 0s [id=3014472196]
module.load-balancer-role.aws_iam_policy.load_balancer_controller[0]: Refreshing state... [id=arn:aws:iam::887012142425:policy/AmazonEKS_AWS_Load_Balancer_Controller-20230628000916496300000001]
data.aws_ecr_image.qweb: Read complete after 0s [id=sha256:b050aa862f34a2203109322e850624b2221063b076a18c0caa4b072371547205]
data.aws_eks_cluster.cluster: Read complete after 0s [id=qcase]
data.aws_iam_openid_connect_provider.cluster: Reading...
data.aws_ecr_repository.qweb: Read complete after 0s [id=qcase/qweb-dev]
helm_release.qweb: Refreshing state... [id=qweb]
module.load-balancer-role.data.aws_caller_identity.current: Read complete after 0s [id=887012142425]
data.aws_caller_identity.current: Read complete after 0s [id=887012142425]
data.aws_iam_openid_connect_provider.cluster: Read complete after 1s [id=arn:aws:iam::887012142425:oidc-provider/oidc.eks.eu-central-1.amazonaws.com/id/DAC45E6CE3F283F655BD9584141B4D6E]
module.load-balancer-role.data.aws_iam_policy_document.this[0]: Reading...
module.load-balancer-role.data.aws_iam_policy_document.this[0]: Read complete after 0s [id=518210632]
module.load-balancer-role.aws_iam_role.this[0]: Refreshing state... [id=qcase_eks_lb]
module.load-balancer-role.aws_iam_role_policy_attachment.load_balancer_controller[0]: Refreshing state... [id=qcase_eks_lb-20230628000918239400000002]
kubernetes_service_account.aws-load-balancer-controller: Refreshing state... [id=kube-system/aws-load-balancer-controller]
helm_release.load-balancer: Refreshing state... [id=aws-load-balancer-controller]

No changes. Your infrastructure matches the configuration.

Terraform has compared your real infrastructure against your configuration
and found no differences, so no changes are needed.
